[2024-05-22T19:24:28.983+0000] {local_task_job_runner.py:120} INFO - ::group::Pre task execution logs
[2024-05-22T19:24:29.003+0000] {taskinstance.py:2076} INFO - Dependencies all met for dep_context=non-requeueable deps ti=<TaskInstance: disney_api.processing_data manual__2024-05-22T19:24:22.802280+00:00 [queued]>
[2024-05-22T19:24:29.012+0000] {taskinstance.py:2076} INFO - Dependencies all met for dep_context=requeueable deps ti=<TaskInstance: disney_api.processing_data manual__2024-05-22T19:24:22.802280+00:00 [queued]>
[2024-05-22T19:24:29.014+0000] {taskinstance.py:2306} INFO - Starting attempt 1 of 1
[2024-05-22T19:24:29.029+0000] {taskinstance.py:2330} INFO - Executing <Task(PythonOperator): processing_data> on 2024-05-22 19:24:22.802280+00:00
[2024-05-22T19:24:29.035+0000] {standard_task_runner.py:90} INFO - Running: ['***', 'tasks', 'run', 'disney_api', 'processing_data', 'manual__2024-05-22T19:24:22.802280+00:00', '--job-id', '28', '--raw', '--subdir', 'DAGS_FOLDER/disney_api_dag.py', '--cfg-path', '/tmp/tmpzjuo5sil']
[2024-05-22T19:24:29.038+0000] {standard_task_runner.py:91} INFO - Job 28: Subtask processing_data
[2024-05-22T19:24:29.039+0000] {logging_mixin.py:188} WARNING - /home/***/.local/lib/python3.12/site-packages/***/task/task_runner/standard_task_runner.py:61 DeprecationWarning: This process (pid=3624) is multi-threaded, use of fork() may lead to deadlocks in the child.
[2024-05-22T19:24:29.040+0000] {standard_task_runner.py:63} INFO - Started process 3626 to run task
[2024-05-22T19:24:29.080+0000] {task_command.py:426} INFO - Running <TaskInstance: disney_api.processing_data manual__2024-05-22T19:24:22.802280+00:00 [running]> on host b4db1197dafa
[2024-05-22T19:24:29.153+0000] {taskinstance.py:2648} INFO - Exporting env vars: AIRFLOW_CTX_DAG_EMAIL='marcelo.vicente@gmail.com' AIRFLOW_CTX_DAG_OWNER='***' AIRFLOW_CTX_DAG_ID='disney_api' AIRFLOW_CTX_TASK_ID='processing_data' AIRFLOW_CTX_EXECUTION_DATE='2024-05-22T19:24:22.802280+00:00' AIRFLOW_CTX_TRY_NUMBER='1' AIRFLOW_CTX_DAG_RUN_ID='manual__2024-05-22T19:24:22.802280+00:00'
[2024-05-22T19:24:29.155+0000] {taskinstance.py:430} INFO - ::endgroup::
[2024-05-22T19:24:29.209+0000] {logging_mixin.py:188} INFO - <class 'pandas.core.frame.DataFrame'>
RangeIndex: 15 entries, 0 to 14
Empty DataFrame
[2024-05-22T19:24:29.210+0000] {logging_mixin.py:188} INFO - <class 'pandas.core.frame.DataFrame'>
RangeIndex: 15 entries, 0 to 14
Empty DataFrame
[2024-05-22T19:24:29.212+0000] {logging_mixin.py:188} INFO - Dados:  Empty DataFrame
Columns: []
Index: [0, 1, 2, 3, 4]
[2024-05-22T19:24:29.220+0000] {base.py:84} INFO - Using connection ID 'aws_default' for task execution.
[2024-05-22T19:24:29.221+0000] {connection_wrapper.py:384} INFO - AWS Connection (conn_id='aws_default', conn_type='aws') credentials retrieved from login and password.
[2024-05-22T19:24:30.249+0000] {python.py:237} INFO - Done. Returned value was: None
[2024-05-22T19:24:30.250+0000] {taskinstance.py:441} INFO - ::group::Post task execution logs
[2024-05-22T19:24:30.257+0000] {taskinstance.py:1206} INFO - Marking task as SUCCESS. dag_id=disney_api, task_id=processing_data, run_id=manual__2024-05-22T19:24:22.802280+00:00, execution_date=20240522T192422, start_date=20240522T192429, end_date=20240522T192430
[2024-05-22T19:24:30.301+0000] {local_task_job_runner.py:240} INFO - Task exited with return code 0
[2024-05-22T19:24:30.316+0000] {taskinstance.py:3498} INFO - 0 downstream tasks scheduled from follow-on schedule check
[2024-05-22T19:24:30.319+0000] {local_task_job_runner.py:222} INFO - ::endgroup::
