[2024-05-22T19:34:37.623+0000] {local_task_job_runner.py:120} INFO - ::group::Pre task execution logs
[2024-05-22T19:34:37.638+0000] {taskinstance.py:2076} INFO - Dependencies all met for dep_context=non-requeueable deps ti=<TaskInstance: disney_api.processing_data manual__2024-05-22T19:34:32.417564+00:00 [queued]>
[2024-05-22T19:34:37.647+0000] {taskinstance.py:2076} INFO - Dependencies all met for dep_context=requeueable deps ti=<TaskInstance: disney_api.processing_data manual__2024-05-22T19:34:32.417564+00:00 [queued]>
[2024-05-22T19:34:37.650+0000] {taskinstance.py:2306} INFO - Starting attempt 1 of 1
[2024-05-22T19:34:37.660+0000] {taskinstance.py:2330} INFO - Executing <Task(PythonOperator): processing_data> on 2024-05-22 19:34:32.417564+00:00
[2024-05-22T19:34:37.666+0000] {logging_mixin.py:188} WARNING - /home/***/.local/lib/python3.12/site-packages/***/task/task_runner/standard_task_runner.py:61 DeprecationWarning: This process (pid=3967) is multi-threaded, use of fork() may lead to deadlocks in the child.
[2024-05-22T19:34:37.667+0000] {standard_task_runner.py:63} INFO - Started process 3969 to run task
[2024-05-22T19:34:37.666+0000] {standard_task_runner.py:90} INFO - Running: ['***', 'tasks', 'run', 'disney_api', 'processing_data', 'manual__2024-05-22T19:34:32.417564+00:00', '--job-id', '37', '--raw', '--subdir', 'DAGS_FOLDER/disney_api_dag.py', '--cfg-path', '/tmp/tmpu1gxkc2s']
[2024-05-22T19:34:37.668+0000] {standard_task_runner.py:91} INFO - Job 37: Subtask processing_data
[2024-05-22T19:34:37.706+0000] {task_command.py:426} INFO - Running <TaskInstance: disney_api.processing_data manual__2024-05-22T19:34:32.417564+00:00 [running]> on host b4db1197dafa
[2024-05-22T19:34:37.767+0000] {taskinstance.py:2648} INFO - Exporting env vars: AIRFLOW_CTX_DAG_EMAIL='marcelo.vicente@gmail.com' AIRFLOW_CTX_DAG_OWNER='***' AIRFLOW_CTX_DAG_ID='disney_api' AIRFLOW_CTX_TASK_ID='processing_data' AIRFLOW_CTX_EXECUTION_DATE='2024-05-22T19:34:32.417564+00:00' AIRFLOW_CTX_TRY_NUMBER='1' AIRFLOW_CTX_DAG_RUN_ID='manual__2024-05-22T19:34:32.417564+00:00'
[2024-05-22T19:34:37.769+0000] {taskinstance.py:430} INFO - ::endgroup::
[2024-05-22T19:34:37.819+0000] {logging_mixin.py:188} INFO - <class 'pandas.core.frame.DataFrame'>
RangeIndex: 50 entries, 0 to 49
Data columns (total 15 columns):
 #   Column           Non-Null Count  Dtype 
---  ------           --------------  ----- 
 0   _id              50 non-null     int64 
 1   films            50 non-null     object
 2   shortFilms       50 non-null     object
 3   tvShows          50 non-null     object
 4   videoGames       50 non-null     object
 5   parkAttractions  50 non-null     object
 6   allies           50 non-null     object
 7   enemies          50 non-null     object
 8   sourceUrl        50 non-null     object
 9   name             50 non-null     object
 10  imageUrl         48 non-null     object
 11  createdAt        50 non-null     object
 12  updatedAt        50 non-null     object
 13  url              50 non-null     object
 14  __v              50 non-null     int64 
dtypes: int64(2), object(13)
memory usage: 6.0+ KB
[2024-05-22T19:34:37.820+0000] {logging_mixin.py:188} INFO - 50
[2024-05-22T19:34:37.834+0000] {base.py:84} INFO - Using connection ID 'aws_default' for task execution.
[2024-05-22T19:34:37.835+0000] {connection_wrapper.py:384} INFO - AWS Connection (conn_id='aws_default', conn_type='aws') credentials retrieved from login and password.
[2024-05-22T19:34:39.035+0000] {python.py:237} INFO - Done. Returned value was: None
[2024-05-22T19:34:39.036+0000] {taskinstance.py:441} INFO - ::group::Post task execution logs
[2024-05-22T19:34:39.046+0000] {taskinstance.py:1206} INFO - Marking task as SUCCESS. dag_id=disney_api, task_id=processing_data, run_id=manual__2024-05-22T19:34:32.417564+00:00, execution_date=20240522T193432, start_date=20240522T193437, end_date=20240522T193439
[2024-05-22T19:34:39.091+0000] {local_task_job_runner.py:240} INFO - Task exited with return code 0
[2024-05-22T19:34:39.109+0000] {taskinstance.py:3498} INFO - 0 downstream tasks scheduled from follow-on schedule check
[2024-05-22T19:34:39.113+0000] {local_task_job_runner.py:222} INFO - ::endgroup::
